nohup: ignoring input
 dx_  0.0390625  dth_  0.02454369260617026  dt  0.0004
<kinetic_solver.KineticData object at 0x732a199d2820>
Pre iteration done.
Using cuda:1 device
Wrapping the env with a `Monitor` wrapper
Wrapping the env in a DummyVecEnv.
Logging to /home/hou63/pj2/Nematic_RL/logs_2/PPO_7
Logger directory set. Using logger directory.
Plotting t =  1
Plotting t =  11
Plotting t =  21
Plotting t =  31
Plotting t =  41
Plotting t =  51
Plotting t =  61
Plotting t =  71
Plotting t =  81
Plotting t =  91
----------------------------------
| step_single/       |           |
|    rewards         | 0.7695343 |
| time/              |           |
|    fps             | 1         |
|    iterations      | 1         |
|    time_elapsed    | 1919      |
|    total_timesteps | 2000      |
----------------------------------
------------------------------------------
| step_single/            |              |
|    rewards              | 0.76732826   |
| time/                   |              |
|    fps                  | 1            |
|    iterations           | 2            |
|    time_elapsed         | 3886         |
|    total_timesteps      | 4000         |
| train/                  |              |
|    approx_kl            | 0.0116291875 |
|    clip_fraction        | 0.313        |
|    clip_range           | 0.2          |
|    entropy_loss         | -8.5         |
|    explained_variance   | -0.000752    |
|    learning_rate        | 0.0003       |
|    loss                 | 0.108        |
|    n_updates            | 10           |
|    policy_gradient_loss | 0.0105       |
|    std                  | 0.996        |
|    value_loss           | 7.82         |
------------------------------------------
Plotting t =  5000
Plotting t =  5010
Plotting t =  5020
Plotting t =  5030
Plotting t =  5040
Plotting t =  5050
Plotting t =  5060
Plotting t =  5070
Plotting t =  5080
Plotting t =  5090
-----------------------------------------
| rollout/                |             |
|    ep_len_mean          | 5e+03       |
|    ep_rew_mean          | 3.77e+03    |
| step_single/            |             |
|    rewards              | 0.7552292   |
| time/                   |             |
|    fps                  | 1           |
|    iterations           | 3           |
|    time_elapsed         | 5972        |
|    total_timesteps      | 6000        |
| train/                  |             |
|    approx_kl            | 0.032713443 |
|    clip_fraction        | 0.346       |
|    clip_range           | 0.2         |
|    entropy_loss         | -8.49       |
|    explained_variance   | 0.635       |
|    learning_rate        | 0.0003      |
|    loss                 | 0.118       |
|    n_updates            | 20          |
|    policy_gradient_loss | 0.00805     |
|    std                  | 0.996       |
|    value_loss           | 5.59        |
-----------------------------------------
-----------------------------------------
| rollout/                |             |
|    ep_len_mean          | 5e+03       |
|    ep_rew_mean          | 3.77e+03    |
| step_single/            |             |
|    rewards              | 0.756968    |
| time/                   |             |
|    fps                  | 1           |
|    iterations           | 4           |
|    time_elapsed         | 7995        |
|    total_timesteps      | 8000        |
| train/                  |             |
|    approx_kl            | 0.012119474 |
|    clip_fraction        | 0.416       |
|    clip_range           | 0.2         |
|    entropy_loss         | -8.49       |
|    explained_variance   | 0.394       |
|    learning_rate        | 0.0003      |
|    loss                 | 0.667       |
|    n_updates            | 30          |
|    policy_gradient_loss | 0.0251      |
|    std                  | 0.997       |
|    value_loss           | 6.79        |
-----------------------------------------
Plotting t =  10000
-----------------------------------------
| rollout/                |             |
|    ep_len_mean          | 5e+03       |
|    ep_rew_mean          | 3.78e+03    |
| step_single/            |             |
|    rewards              | 0.811193    |
| time/                   |             |
|    fps                  | 0           |
|    iterations           | 5           |
|    time_elapsed         | 10027       |
|    total_timesteps      | 10000       |
| train/                  |             |
|    approx_kl            | 0.027543018 |
|    clip_fraction        | 0.317       |
|    clip_range           | 0.2         |
|    entropy_loss         | -8.5        |
|    explained_variance   | 0.769       |
|    learning_rate        | 0.0003      |
|    loss                 | 0.211       |
|    n_updates            | 40          |
|    policy_gradient_loss | 0.0131      |
|    std                  | 0.998       |
|    value_loss           | 2.88        |
-----------------------------------------
Plotting t =  10010
Plotting t =  10020
Plotting t =  10030
Plotting t =  10040
Plotting t =  10050
Plotting t =  10060
Plotting t =  10070
Plotting t =  10080
Plotting t =  10090
-----------------------------------------
| rollout/                |             |
|    ep_len_mean          | 5e+03       |
|    ep_rew_mean          | 3.78e+03    |
| step_single/            |             |
|    rewards              | 0.73025364  |
| time/                   |             |
|    fps                  | 0           |
|    iterations           | 6           |
|    time_elapsed         | 12120       |
|    total_timesteps      | 12000       |
| train/                  |             |
|    approx_kl            | 0.017572615 |
|    clip_fraction        | 0.269       |
|    clip_range           | 0.2         |
|    entropy_loss         | -8.51       |
|    explained_variance   | 0.497       |
|    learning_rate        | 0.0003      |
|    loss                 | 2.8         |
|    n_updates            | 50          |
|    policy_gradient_loss | 0.00555     |
|    std                  | 1           |
|    value_loss           | 4.93        |
-----------------------------------------
-----------------------------------------
| rollout/                |             |
|    ep_len_mean          | 5e+03       |
|    ep_rew_mean          | 3.78e+03    |
| step_single/            |             |
|    rewards              | 0.7928506   |
| time/                   |             |
|    fps                  | 0           |
|    iterations           | 7           |
|    time_elapsed         | 14153       |
|    total_timesteps      | 14000       |
| train/                  |             |
|    approx_kl            | 0.026128301 |
|    clip_fraction        | 0.45        |
|    clip_range           | 0.2         |
|    entropy_loss         | -8.51       |
|    explained_variance   | 0.846       |
|    learning_rate        | 0.0003      |
|    loss                 | 0.269       |
|    n_updates            | 60          |
|    policy_gradient_loss | 0.0376      |
|    std                  | 1           |
|    value_loss           | 1.37        |
-----------------------------------------
Plotting t =  15000
Plotting t =  15010
Plotting t =  15020
Plotting t =  15030
Plotting t =  15040
Plotting t =  15050
Plotting t =  15060
Plotting t =  15070
Plotting t =  15080
Plotting t =  15090
-----------------------------------------
| rollout/                |             |
|    ep_len_mean          | 5e+03       |
|    ep_rew_mean          | 3.78e+03    |
| step_single/            |             |
|    rewards              | 0.78635705  |
| time/                   |             |
|    fps                  | 0           |
|    iterations           | 8           |
|    time_elapsed         | 16252       |
|    total_timesteps      | 16000       |
| train/                  |             |
|    approx_kl            | 0.032027457 |
|    clip_fraction        | 0.305       |
|    clip_range           | 0.2         |
|    entropy_loss         | -8.51       |
|    explained_variance   | 0.698       |
|    learning_rate        | 0.0003      |
|    loss                 | 4.55        |
|    n_updates            | 70          |
|    policy_gradient_loss | 0.0177      |
|    std                  | 1           |
|    value_loss           | 8.56        |
-----------------------------------------
-----------------------------------------
| rollout/                |             |
|    ep_len_mean          | 5e+03       |
|    ep_rew_mean          | 3.78e+03    |
| step_single/            |             |
|    rewards              | 0.74189335  |
| time/                   |             |
|    fps                  | 0           |
|    iterations           | 9           |
|    time_elapsed         | 18278       |
|    total_timesteps      | 18000       |
| train/                  |             |
|    approx_kl            | 0.021827145 |
|    clip_fraction        | 0.454       |
|    clip_range           | 0.2         |
|    entropy_loss         | -8.52       |
|    explained_variance   | 0.365       |
|    learning_rate        | 0.0003      |
|    loss                 | 0.402       |
|    n_updates            | 80          |
|    policy_gradient_loss | 0.0253      |
|    std                  | 1           |
|    value_loss           | 5.4         |
-----------------------------------------
Plotting t =  20000
-----------------------------------------
| rollout/                |             |
|    ep_len_mean          | 5e+03       |
|    ep_rew_mean          | 3.79e+03    |
| step_single/            |             |
|    rewards              | 0.79266995  |
| time/                   |             |
|    fps                  | 0           |
|    iterations           | 10          |
|    time_elapsed         | 20320       |
|    total_timesteps      | 20000       |
| train/                  |             |
|    approx_kl            | 0.042980324 |
|    clip_fraction        | 0.47        |
|    clip_range           | 0.2         |
|    entropy_loss         | -8.52       |
|    explained_variance   | 0.793       |
|    learning_rate        | 0.0003      |
|    loss                 | 0.44        |
|    n_updates            | 90          |
|    policy_gradient_loss | 0.0369      |
|    std                  | 1           |
|    value_loss           | 2.45        |
-----------------------------------------
Plotting t =  20010
Plotting t =  20020
Plotting t =  20030
Plotting t =  20040
Plotting t =  20050
Plotting t =  20060
Plotting t =  20070
Plotting t =  20080
Plotting t =  20090
-----------------------------------------
| rollout/                |             |
|    ep_len_mean          | 5e+03       |
|    ep_rew_mean          | 3.79e+03    |
| step_single/            |             |
|    rewards              | 0.7485608   |
| time/                   |             |
|    fps                  | 0           |
|    iterations           | 11          |
|    time_elapsed         | 22421       |
|    total_timesteps      | 22000       |
| train/                  |             |
|    approx_kl            | 0.037665594 |
|    clip_fraction        | 0.596       |
|    clip_range           | 0.2         |
|    entropy_loss         | -8.53       |
|    explained_variance   | 0.511       |
|    learning_rate        | 0.0003      |
|    loss                 | 0.271       |
|    n_updates            | 100         |
|    policy_gradient_loss | 0.0508      |
|    std                  | 1.01        |
|    value_loss           | 5.09        |
-----------------------------------------
----------------------------------------
| rollout/                |            |
|    ep_len_mean          | 5e+03      |
|    ep_rew_mean          | 3.79e+03   |
| step_single/            |            |
|    rewards              | 0.7750896  |
| time/                   |            |
|    fps                  | 0          |
|    iterations           | 12         |
|    time_elapsed         | 24464      |
|    total_timesteps      | 24000      |
| train/                  |            |
|    approx_kl            | 0.01614596 |
|    clip_fraction        | 0.388      |
|    clip_range           | 0.2        |
|    entropy_loss         | -8.55      |
|    explained_variance   | 0.7        |
|    learning_rate        | 0.0003     |
|    loss                 | 1.22       |
|    n_updates            | 110        |
|    policy_gradient_loss | 0.0232     |
|    std                  | 1.01       |
|    value_loss           | 2.14       |
----------------------------------------
Plotting t =  25000
Plotting t =  25010
Plotting t =  25020
Plotting t =  25030
Plotting t =  25040
Plotting t =  25050
Plotting t =  25060
Plotting t =  25070
Plotting t =  25080
Plotting t =  25090
----------------------------------------
| rollout/                |            |
|    ep_len_mean          | 5e+03      |
|    ep_rew_mean          | 3.79e+03   |
| step_single/            |            |
|    rewards              | 0.72827065 |
| time/                   |            |
|    fps                  | 0          |
|    iterations           | 13         |
|    time_elapsed         | 26566      |
|    total_timesteps      | 26000      |
| train/                  |            |
|    approx_kl            | 0.02631607 |
|    clip_fraction        | 0.548      |
|    clip_range           | 0.2        |
|    entropy_loss         | -8.56      |
|    explained_variance   | 0.747      |
|    learning_rate        | 0.0003     |
|    loss                 | 1.37       |
|    n_updates            | 120        |
|    policy_gradient_loss | 0.0533     |
|    std                  | 1.01       |
|    value_loss           | 1.76       |
----------------------------------------
-----------------------------------------
| rollout/                |             |
|    ep_len_mean          | 5e+03       |
|    ep_rew_mean          | 3.79e+03    |
| step_single/            |             |
|    rewards              | 0.7500618   |
| time/                   |             |
|    fps                  | 0           |
|    iterations           | 14          |
|    time_elapsed         | 28603       |
|    total_timesteps      | 28000       |
| train/                  |             |
|    approx_kl            | 0.019554678 |
|    clip_fraction        | 0.515       |
|    clip_range           | 0.2         |
|    entropy_loss         | -8.58       |
|    explained_variance   | 0.446       |
|    learning_rate        | 0.0003      |
|    loss                 | 1.76        |
|    n_updates            | 130         |
|    policy_gradient_loss | 0.0424      |
|    std                  | 1.01        |
|    value_loss           | 5.75        |
-----------------------------------------
Plotting t =  30000
----------------------------------------
| rollout/                |            |
|    ep_len_mean          | 5e+03      |
|    ep_rew_mean          | 3.78e+03   |
| step_single/            |            |
|    rewards              | 0.7659998  |
| time/                   |            |
|    fps                  | 0          |
|    iterations           | 15         |
|    time_elapsed         | 30651      |
|    total_timesteps      | 30000      |
| train/                  |            |
|    approx_kl            | 0.04740528 |
|    clip_fraction        | 0.542      |
|    clip_range           | 0.2        |
|    entropy_loss         | -8.61      |
|    explained_variance   | 0.795      |
|    learning_rate        | 0.0003     |
|    loss                 | 0.141      |
|    n_updates            | 140        |
|    policy_gradient_loss | 0.0572     |
|    std                  | 1.02       |
|    value_loss           | 1.29       |
----------------------------------------
 100% ━━━━━━━━━━━━━━━━━━━━━━━━━━━━ 30,000/30,000  [ 8:30:50 < 0:00:00 , 1 it/s ]
