nohup: ignoring input
 dx_  0.0390625  dth_  0.02454369260617026  dt  0.0004
<kinetic_solver.KineticData object at 0x78b8c1b92820>
Pre iteration done.
Using cuda:1 device
Wrapping the env with a `Monitor` wrapper
Wrapping the env in a DummyVecEnv.
Logging to /home/hou63/pj2/Nematic_RL/logs_3/PPO_1
Logger directory set. Using logger directory.
Plotting t =  1
Plotting t =  11
Plotting t =  21
Plotting t =  31
Plotting t =  41
Plotting t =  51
Plotting t =  61
Plotting t =  71
Plotting t =  81
Plotting t =  91
-----------------------------
| time/              |      |
|    fps             | 0    |
|    iterations      | 1    |
|    time_elapsed    | 2090 |
|    total_timesteps | 2000 |
-----------------------------
-----------------------------------------
| time/                   |             |
|    fps                  | 0           |
|    iterations           | 2           |
|    time_elapsed         | 4057        |
|    total_timesteps      | 4000        |
| train/                  |             |
|    approx_kl            | 0.011276776 |
|    clip_fraction        | 0.379       |
|    clip_range           | 0.2         |
|    entropy_loss         | -8.53       |
|    explained_variance   | 0.00534     |
|    learning_rate        | 0.0003      |
|    loss                 | 0.184       |
|    n_updates            | 10          |
|    policy_gradient_loss | 0.00981     |
|    std                  | 1           |
|    value_loss           | 5.61        |
-----------------------------------------
Plotting t =  5000
Plotting t =  5010
Plotting t =  5020
Plotting t =  5030
Plotting t =  5040
Plotting t =  5050
Plotting t =  5060
Plotting t =  5070
Plotting t =  5080
Plotting t =  5090
-----------------------------------------
| rollout/                |             |
|    ep_len_mean          | 5e+03       |
|    ep_rew_mean          | 3.94e+03    |
| time/                   |             |
|    fps                  | 0           |
|    iterations           | 3           |
|    time_elapsed         | 6076        |
|    total_timesteps      | 6000        |
| train/                  |             |
|    approx_kl            | 0.026826272 |
|    clip_fraction        | 0.396       |
|    clip_range           | 0.2         |
|    entropy_loss         | -8.55       |
|    explained_variance   | 0.324       |
|    learning_rate        | 0.0003      |
|    loss                 | 0.714       |
|    n_updates            | 20          |
|    policy_gradient_loss | 0.0139      |
|    std                  | 1.01        |
|    value_loss           | 4.55        |
-----------------------------------------
----------------------------------------
| rollout/                |            |
|    ep_len_mean          | 5e+03      |
|    ep_rew_mean          | 3.94e+03   |
| time/                   |            |
|    fps                  | 0          |
|    iterations           | 4          |
|    time_elapsed         | 8049       |
|    total_timesteps      | 8000       |
| train/                  |            |
|    approx_kl            | 0.09042964 |
|    clip_fraction        | 0.576      |
|    clip_range           | 0.2        |
|    entropy_loss         | -8.57      |
|    explained_variance   | -0.0499    |
|    learning_rate        | 0.0003     |
|    loss                 | 0.587      |
|    n_updates            | 30         |
|    policy_gradient_loss | 0.0249     |
|    std                  | 1.01       |
|    value_loss           | 7.21       |
----------------------------------------
Plotting t =  10000
-----------------------------------------
| rollout/                |             |
|    ep_len_mean          | 5e+03       |
|    ep_rew_mean          | 3.94e+03    |
| time/                   |             |
|    fps                  | 0           |
|    iterations           | 5           |
|    time_elapsed         | 10041       |
|    total_timesteps      | 10000       |
| train/                  |             |
|    approx_kl            | 0.016617488 |
|    clip_fraction        | 0.373       |
|    clip_range           | 0.2         |
|    entropy_loss         | -8.58       |
|    explained_variance   | 0.657       |
|    learning_rate        | 0.0003      |
|    loss                 | 0.597       |
|    n_updates            | 40          |
|    policy_gradient_loss | 0.00991     |
|    std                  | 1.01        |
|    value_loss           | 3.33        |
-----------------------------------------
 100% ━━━━━━━━━━━━━━━━━━━━━━━━━━━━ 10,000/10,000  [ 2:47:20 < 0:00:00 , 1 it/s ]
