nohup: ignoring input
 dx_  0.0390625  dth_  0.02454369260617026  dt  0.0004
<kinetic_solver.KineticData object at 0x72150cdd1880>
Pre iteration done.
Using cuda:0 device
Wrapping the env with a `Monitor` wrapper
Wrapping the env in a DummyVecEnv.
Logging to /home/hou63/pj2/Nematic_RL/logs_3/PPO_4
Logger directory set. Using logger directory.
Plotting t =  1
Plotting t =  11
Plotting t =  21
Plotting t =  31
Plotting t =  41
Plotting t =  51
Plotting t =  61
Plotting t =  71
Plotting t =  81
Plotting t =  91
-----------------------------
| time/              |      |
|    fps             | 1    |
|    iterations      | 1    |
|    time_elapsed    | 1954 |
|    total_timesteps | 2000 |
-----------------------------
-----------------------------------------
| time/                   |             |
|    fps                  | 1           |
|    iterations           | 2           |
|    time_elapsed         | 3802        |
|    total_timesteps      | 4000        |
| train/                  |             |
|    approx_kl            | 0.016524035 |
|    clip_fraction        | 0.337       |
|    clip_range           | 0.2         |
|    entropy_loss         | -8.52       |
|    explained_variance   | 0.0312      |
|    learning_rate        | 0.0003      |
|    loss                 | 0.0621      |
|    n_updates            | 10          |
|    policy_gradient_loss | 0.00446     |
|    std                  | 1           |
|    value_loss           | 7.36        |
-----------------------------------------
Plotting t =  5000
Plotting t =  5010
Plotting t =  5020
Plotting t =  5030
Plotting t =  5040
Plotting t =  5050
Plotting t =  5060
Plotting t =  5070
Plotting t =  5080
Plotting t =  5090
----------------------------------------
| rollout/                |            |
|    ep_len_mean          | 5e+03      |
|    ep_rew_mean          | 3.98e+03   |
| time/                   |            |
|    fps                  | 1          |
|    iterations           | 3          |
|    time_elapsed         | 5703       |
|    total_timesteps      | 6000       |
| train/                  |            |
|    approx_kl            | 0.03390338 |
|    clip_fraction        | 0.355      |
|    clip_range           | 0.2        |
|    entropy_loss         | -8.52      |
|    explained_variance   | 0.206      |
|    learning_rate        | 0.0003     |
|    loss                 | 0.667      |
|    n_updates            | 20         |
|    policy_gradient_loss | 0.0186     |
|    std                  | 1          |
|    value_loss           | 7.1        |
----------------------------------------
----------------------------------------
| rollout/                |            |
|    ep_len_mean          | 5e+03      |
|    ep_rew_mean          | 3.98e+03   |
| time/                   |            |
|    fps                  | 1          |
|    iterations           | 4          |
|    time_elapsed         | 7539       |
|    total_timesteps      | 8000       |
| train/                  |            |
|    approx_kl            | 0.06190147 |
|    clip_fraction        | 0.515      |
|    clip_range           | 0.2        |
|    entropy_loss         | -8.52      |
|    explained_variance   | 0.434      |
|    learning_rate        | 0.0003     |
|    loss                 | 0.984      |
|    n_updates            | 30         |
|    policy_gradient_loss | 0.0248     |
|    std                  | 1          |
|    value_loss           | 3.67       |
----------------------------------------
Plotting t =  10000
-----------------------------------------
| rollout/                |             |
|    ep_len_mean          | 5e+03       |
|    ep_rew_mean          | 3.96e+03    |
| time/                   |             |
|    fps                  | 1           |
|    iterations           | 5           |
|    time_elapsed         | 9378        |
|    total_timesteps      | 10000       |
| train/                  |             |
|    approx_kl            | 0.042583905 |
|    clip_fraction        | 0.412       |
|    clip_range           | 0.2         |
|    entropy_loss         | -8.52       |
|    explained_variance   | 0.757       |
|    learning_rate        | 0.0003      |
|    loss                 | 0.174       |
|    n_updates            | 40          |
|    policy_gradient_loss | 0.0204      |
|    std                  | 1           |
|    value_loss           | 3.15        |
-----------------------------------------
Plotting t =  10010
Plotting t =  10020
Plotting t =  10030
Plotting t =  10040
Plotting t =  10050
Plotting t =  10060
Plotting t =  10070
Plotting t =  10080
Plotting t =  10090
-----------------------------------------
| rollout/                |             |
|    ep_len_mean          | 5e+03       |
|    ep_rew_mean          | 3.96e+03    |
| time/                   |             |
|    fps                  | 1           |
|    iterations           | 6           |
|    time_elapsed         | 11291       |
|    total_timesteps      | 12000       |
| train/                  |             |
|    approx_kl            | 0.080675796 |
|    clip_fraction        | 0.602       |
|    clip_range           | 0.2         |
|    entropy_loss         | -8.53       |
|    explained_variance   | 0.803       |
|    learning_rate        | 0.0003      |
|    loss                 | 0.27        |
|    n_updates            | 50          |
|    policy_gradient_loss | 0.0578      |
|    std                  | 1           |
|    value_loss           | 4.12        |
-----------------------------------------
-----------------------------------------
| rollout/                |             |
|    ep_len_mean          | 5e+03       |
|    ep_rew_mean          | 3.96e+03    |
| time/                   |             |
|    fps                  | 1           |
|    iterations           | 7           |
|    time_elapsed         | 13150       |
|    total_timesteps      | 14000       |
| train/                  |             |
|    approx_kl            | 0.023580853 |
|    clip_fraction        | 0.343       |
|    clip_range           | 0.2         |
|    entropy_loss         | -8.52       |
|    explained_variance   | 0.812       |
|    learning_rate        | 0.0003      |
|    loss                 | 4.15        |
|    n_updates            | 60          |
|    policy_gradient_loss | 0.0188      |
|    std                  | 1           |
|    value_loss           | 7.67        |
-----------------------------------------
Plotting t =  15000
Plotting t =  15010
Plotting t =  15020
Plotting t =  15030
Plotting t =  15040
Plotting t =  15050
Plotting t =  15060
Plotting t =  15070
Plotting t =  15080
Plotting t =  15090
-----------------------------------------
| rollout/                |             |
|    ep_len_mean          | 5e+03       |
|    ep_rew_mean          | 3.93e+03    |
| time/                   |             |
|    fps                  | 1           |
|    iterations           | 8           |
|    time_elapsed         | 15059       |
|    total_timesteps      | 16000       |
| train/                  |             |
|    approx_kl            | 0.057472844 |
|    clip_fraction        | 0.413       |
|    clip_range           | 0.2         |
|    entropy_loss         | -8.52       |
|    explained_variance   | 0.777       |
|    learning_rate        | 0.0003      |
|    loss                 | 0.527       |
|    n_updates            | 70          |
|    policy_gradient_loss | 0.0188      |
|    std                  | 1           |
|    value_loss           | 2.94        |
-----------------------------------------
----------------------------------------
| rollout/                |            |
|    ep_len_mean          | 5e+03      |
|    ep_rew_mean          | 3.93e+03   |
| time/                   |            |
|    fps                  | 1          |
|    iterations           | 9          |
|    time_elapsed         | 16898      |
|    total_timesteps      | 18000      |
| train/                  |            |
|    approx_kl            | 0.10163826 |
|    clip_fraction        | 0.512      |
|    clip_range           | 0.2        |
|    entropy_loss         | -8.53      |
|    explained_variance   | 0.727      |
|    learning_rate        | 0.0003     |
|    loss                 | 0.508      |
|    n_updates            | 80         |
|    policy_gradient_loss | 0.033      |
|    std                  | 1.01       |
|    value_loss           | 5.31       |
----------------------------------------
Plotting t =  20000
----------------------------------------
| rollout/                |            |
|    ep_len_mean          | 5e+03      |
|    ep_rew_mean          | 3.9e+03    |
| time/                   |            |
|    fps                  | 1          |
|    iterations           | 10         |
|    time_elapsed         | 18742      |
|    total_timesteps      | 20000      |
| train/                  |            |
|    approx_kl            | 0.11050278 |
|    clip_fraction        | 0.658      |
|    clip_range           | 0.2        |
|    entropy_loss         | -8.56      |
|    explained_variance   | 0.835      |
|    learning_rate        | 0.0003     |
|    loss                 | 0.514      |
|    n_updates            | 90         |
|    policy_gradient_loss | 0.0804     |
|    std                  | 1.01       |
|    value_loss           | 2.78       |
----------------------------------------
 100% ━━━━━━━━━━━━━━━━━━━━━━━━━━━━ 20,000/20,000  [ 5:12:21 < 0:00:00 , 1 it/s ]
